2024-09-06T22:45:41.223-07:00  INFO 12664 --- [main] lavalink.server.Launcher                 : Starting Launcher v4.0.6 using Java 22.0.1 with PID 12664 (D:\Github\gahingimp3\Lavalink.jar started by tyler in D:\Github\gahingimp3)
2024-09-06T22:45:41.274-07:00  INFO 12664 --- [main] lavalink.server.Launcher                 : No active profile set, falling back to 1 default profile: "default"
2024-09-06T22:45:42.052-07:00  INFO 12664 --- [main] lavalink.server.Launcher                 : Started Launcher in 1.45 seconds (process running for 1.847)
2024-09-06T22:45:42.096-07:00  INFO 12664 --- [main] lavalink.server.Launcher                 : 

[32m       .  [31m _                  _ _       _    [32m__ _ _
[32m      /\\ [31m| | __ ___   ____ _| (_)_ __ | | __[32m\ \ \ \
[32m     ( ( )[31m| |/ _` \ \ / / _` | | | '_ \| |/ /[32m \ \ \ \
[32m      \\/ [31m| | (_| |\ V / (_| | | | | | |   < [32m  ) ) ) )
[32m       '  [31m|_|\__,_| \_/ \__,_|_|_|_| |_|_|\_\[32m / / / /
[0m    =========================================[32m/_/_/_/[0m

	Version:        4.0.6
	Build time:     06.06.2024 21:02:48 UTC
	Branch          HEAD
	Commit:         8a8ff75
	Commit time:    06.06.2024 20:47:26 UTC
	JVM:            22.0.1
	Lavaplayer      2.2.0

2024-09-06T22:45:42.105-07:00  INFO 12664 --- [main] lavalink.server.Launcher                 : No active profile set, falling back to 1 default profile: "default"
2024-09-06T22:45:42.601-07:00  WARN 12664 --- [main] io.undertow.websockets.jsr               : UT026010: Buffer pool was not set on WebSocketDeploymentInfo, the default pool will be used
2024-09-06T22:45:42.618-07:00  INFO 12664 --- [main] io.undertow.servlet                      : Initializing Spring embedded WebApplicationContext
2024-09-06T22:45:42.618-07:00  INFO 12664 --- [main] w.s.c.ServletWebServerApplicationContext : Root WebApplicationContext: initialization completed in 509 ms
2024-09-06T22:45:42.687-07:00  WARN 12664 --- [main] l.server.config.SentryConfiguration      : Turning off sentry
2024-09-06T22:45:42.807-07:00  INFO 12664 --- [main] c.s.d.l.tools.GarbageCollectionMonitor   : GC monitoring enabled, reporting results every 2 minutes.
2024-09-06T22:45:47.527-07:00  INFO 12664 --- [main] l.server.config.KoeConfiguration         : OS: WINDOWS, Arch: X86_64
2024-09-06T22:45:47.527-07:00  INFO 12664 --- [main] l.server.config.KoeConfiguration         : Enabling JDA-NAS
2024-09-06T22:45:47.531-07:00  INFO 12664 --- [main] c.s.l.c.natives.NativeLibraryLoader      : Native library udpqueue: loading with filter null
2024-09-06T22:45:47.537-07:00  INFO 12664 --- [main] c.s.l.c.natives.NativeLibraryLoader      : Native library udpqueue: successfully loaded.
2024-09-06T22:45:47.723-07:00  INFO 12664 --- [main] io.undertow                              : starting server: Undertow - 2.3.6.Final
2024-09-06T22:45:47.730-07:00  INFO 12664 --- [main] org.xnio                                 : XNIO version 3.8.8.Final
2024-09-06T22:45:47.737-07:00  INFO 12664 --- [main] org.xnio.nio                             : XNIO NIO Implementation Version 3.8.8.Final
2024-09-06T22:45:47.813-07:00  INFO 12664 --- [main] org.jboss.threads                        : JBoss Threads version 3.5.0.Final
2024-09-06T22:45:47.874-07:00  INFO 12664 --- [main] o.s.b.w.e.undertow.UndertowWebServer     : Undertow started on port(s) 2333 (http)
2024-09-06T22:45:47.878-07:00  INFO 12664 --- [main] lavalink.server.Launcher                 : Started Launcher in 5.817 seconds (process running for 7.673)
2024-09-06T22:45:47.878-07:00  INFO 12664 --- [main] lavalink.server.Launcher                 : Lavalink is ready to accept connections.
2024-09-06T22:46:11.131-07:00  INFO 12664 --- [XNIO-1 task-2] io.undertow.servlet                      : Initializing Spring DispatcherServlet 'dispatcherServlet'
2024-09-06T22:46:11.132-07:00  INFO 12664 --- [XNIO-1 task-2] o.s.web.servlet.DispatcherServlet        : Initializing Servlet 'dispatcherServlet'
2024-09-06T22:46:11.133-07:00  INFO 12664 --- [XNIO-1 task-2] o.s.web.servlet.DispatcherServlet        : Completed initialization in 1 ms
2024-09-06T22:46:11.266-07:00  INFO 12664 --- [XNIO-1 task-2] l.server.io.RequestLoggingFilter         : GET /v4/info, client=0:0:0:0:0:0:0:1
2024-09-06T22:53:03.852-07:00  INFO 15144 --- [Lavalink] [main] lavalink.server.Launcher                 : Starting Launcher v4.0.7 using Java 22.0.1 with PID 15144 (D:\Github\gahingimp3\Lavalink.jar started by tyler in D:\Github\gahingimp3)
2024-09-06T22:53:03.912-07:00  INFO 15144 --- [Lavalink] [main] lavalink.server.Launcher                 : No active profile set, falling back to 1 default profile: "default"
2024-09-06T22:53:04.825-07:00  INFO 15144 --- [Lavalink] [main] lavalink.server.Launcher                 : Started Launcher in 1.367 seconds (process running for 1.754)
2024-09-06T22:53:04.872-07:00  INFO 15144 --- [Lavalink] [main] lavalink.server.Launcher                 : 

[32m       .  [31m _                  _ _       _    [32m__ _ _
[32m      /\\ [31m| | __ ___   ____ _| (_)_ __ | | __[32m\ \ \ \
[32m     ( ( )[31m| |/ _` \ \ / / _` | | | '_ \| |/ /[32m \ \ \ \
[32m      \\/ [31m| | (_| |\ V / (_| | | | | | |   < [32m  ) ) ) )
[32m       '  [31m|_|\__,_| \_/ \__,_|_|_|_| |_|_|\_\[32m / / / /
[0m    =========================================[32m/_/_/_/[0m

	Version:        4.0.7
	Build time:     08.07.2024 22:14:17 UTC
	Branch          HEAD
	Commit:         93102f8
	Commit time:    08.07.2024 21:49:02 UTC
	JVM:            22.0.1
	Lavaplayer      2.2.1

2024-09-06T22:53:04.883-07:00  INFO 15144 --- [Lavalink] [main] lavalink.server.Launcher                 : No active profile set, falling back to 1 default profile: "default"
2024-09-06T22:53:05.409-07:00  WARN 15144 --- [Lavalink] [main] io.undertow.websockets.jsr               : UT026010: Buffer pool was not set on WebSocketDeploymentInfo, the default pool will be used
2024-09-06T22:53:05.431-07:00  INFO 15144 --- [Lavalink] [main] io.undertow.servlet                      : Initializing Spring embedded WebApplicationContext
2024-09-06T22:53:05.431-07:00  INFO 15144 --- [Lavalink] [main] w.s.c.ServletWebServerApplicationContext : Root WebApplicationContext: initialization completed in 544 ms
2024-09-06T22:53:05.530-07:00  INFO 15144 --- [Lavalink] [main] c.s.d.l.tools.GarbageCollectionMonitor   : GC monitoring enabled, reporting results every 2 minutes.
2024-09-06T22:53:08.784-07:00  WARN 15144 --- [Lavalink] [main] s.d.l.s.t.TwitchStreamAudioSourceManager : Failed to fetch Twitch source keys. Key fetching will be retried upon loading a Twitch track. This warning can be ignored unless the issue persists.

com.sedmelluq.discord.lavaplayer.tools.FriendlyException: Loading Twitch main page failed.
	at com.sedmelluq.discord.lavaplayer.source.twitch.TwitchStreamAudioSourceManager.initRequestHeaders(TwitchStreamAudioSourceManager.java:232) ~[lavaplayer-2.2.1.jar!/:na]
	at com.sedmelluq.discord.lavaplayer.source.twitch.TwitchStreamAudioSourceManager.<init>(TwitchStreamAudioSourceManager.java:60) ~[lavaplayer-2.2.1.jar!/:na]
	at lavalink.server.config.AudioPlayerConfiguration.audioPlayerManagerSupplier(AudioPlayerConfiguration.kt:165) ~[classes!/:4.0.7]
	at lavalink.server.config.AudioPlayerConfiguration$$SpringCGLIB$$0.CGLIB$audioPlayerManagerSupplier$0(<generated>) ~[classes!/:4.0.7]
	at lavalink.server.config.AudioPlayerConfiguration$$SpringCGLIB$$FastClass$$1.invoke(<generated>) ~[classes!/:4.0.7]
	at org.springframework.cglib.proxy.MethodProxy.invokeSuper(MethodProxy.java:258) ~[spring-core-6.1.9.jar!/:6.1.9]
	at org.springframework.context.annotation.ConfigurationClassEnhancer$BeanMethodInterceptor.intercept(ConfigurationClassEnhancer.java:339) ~[spring-context-6.1.9.jar!/:6.1.9]
	at lavalink.server.config.AudioPlayerConfiguration$$SpringCGLIB$$0.audioPlayerManagerSupplier(<generated>) ~[classes!/:4.0.7]
	at java.base/jdk.internal.reflect.DirectMethodHandleAccessor.invoke(DirectMethodHandleAccessor.java:103) ~[na:na]
	at java.base/java.lang.reflect.Method.invoke(Method.java:580) ~[na:na]
	at org.springframework.beans.factory.support.SimpleInstantiationStrategy.instantiate(SimpleInstantiationStrategy.java:140) ~[spring-beans-6.1.9.jar!/:6.1.9]
	at org.springframework.beans.factory.support.ConstructorResolver.instantiate(ConstructorResolver.java:644) ~[spring-beans-6.1.9.jar!/:6.1.9]
	at org.springframework.beans.factory.support.ConstructorResolver.instantiateUsingFactoryMethod(ConstructorResolver.java:636) ~[spring-beans-6.1.9.jar!/:6.1.9]
	at org.springframework.beans.factory.support.AbstractAutowireCapableBeanFactory.instantiateUsingFactoryMethod(AbstractAutowireCapableBeanFactory.java:1337) ~[spring-beans-6.1.9.jar!/:6.1.9]
	at org.springframework.beans.factory.support.AbstractAutowireCapableBeanFactory.createBeanInstance(AbstractAutowireCapableBeanFactory.java:1167) ~[spring-beans-6.1.9.jar!/:6.1.9]
	at org.springframework.beans.factory.support.AbstractAutowireCapableBeanFactory.doCreateBean(AbstractAutowireCapableBeanFactory.java:562) ~[spring-beans-6.1.9.jar!/:6.1.9]
	at org.springframework.beans.factory.support.AbstractAutowireCapableBeanFactory.createBean(AbstractAutowireCapableBeanFactory.java:522) ~[spring-beans-6.1.9.jar!/:6.1.9]
	at org.springframework.beans.factory.support.AbstractBeanFactory.lambda$doGetBean$0(AbstractBeanFactory.java:337) ~[spring-beans-6.1.9.jar!/:6.1.9]
	at org.springframework.beans.factory.support.DefaultSingletonBeanRegistry.getSingleton(DefaultSingletonBeanRegistry.java:234) ~[spring-beans-6.1.9.jar!/:6.1.9]
	at org.springframework.beans.factory.support.AbstractBeanFactory.doGetBean(AbstractBeanFactory.java:335) ~[spring-beans-6.1.9.jar!/:6.1.9]
	at org.springframework.beans.factory.support.AbstractBeanFactory.getBean(AbstractBeanFactory.java:200) ~[spring-beans-6.1.9.jar!/:6.1.9]
	at org.springframework.beans.factory.config.DependencyDescriptor.resolveCandidate(DependencyDescriptor.java:254) ~[spring-beans-6.1.9.jar!/:6.1.9]
	at org.springframework.beans.factory.support.DefaultListableBeanFactory.doResolveDependency(DefaultListableBeanFactory.java:1443) ~[spring-beans-6.1.9.jar!/:6.1.9]
	at org.springframework.beans.factory.support.DefaultListableBeanFactory.resolveDependency(DefaultListableBeanFactory.java:1353) ~[spring-beans-6.1.9.jar!/:6.1.9]
	at org.springframework.beans.factory.support.ConstructorResolver.resolveAutowiredArgument(ConstructorResolver.java:904) ~[spring-beans-6.1.9.jar!/:6.1.9]
	at org.springframework.beans.factory.support.ConstructorResolver.createArgumentArray(ConstructorResolver.java:782) ~[spring-beans-6.1.9.jar!/:6.1.9]
	at org.springframework.beans.factory.support.ConstructorResolver.autowireConstructor(ConstructorResolver.java:237) ~[spring-beans-6.1.9.jar!/:6.1.9]
	at org.springframework.beans.factory.support.AbstractAutowireCapableBeanFactory.autowireConstructor(AbstractAutowireCapableBeanFactory.java:1357) ~[spring-beans-6.1.9.jar!/:6.1.9]
	at org.springframework.beans.factory.support.AbstractAutowireCapableBeanFactory.createBeanInstance(AbstractAutowireCapableBeanFactory.java:1194) ~[spring-beans-6.1.9.jar!/:6.1.9]
	at org.springframework.beans.factory.support.AbstractAutowireCapableBeanFactory.doCreateBean(AbstractAutowireCapableBeanFactory.java:562) ~[spring-beans-6.1.9.jar!/:6.1.9]
	at org.springframework.beans.factory.support.AbstractAutowireCapableBeanFactory.createBean(AbstractAutowireCapableBeanFactory.java:522) ~[spring-beans-6.1.9.jar!/:6.1.9]
	at org.springframework.beans.factory.support.AbstractBeanFactory.lambda$doGetBean$0(AbstractBeanFactory.java:337) ~[spring-beans-6.1.9.jar!/:6.1.9]
	at org.springframework.beans.factory.support.DefaultSingletonBeanRegistry.getSingleton(DefaultSingletonBeanRegistry.java:234) ~[spring-beans-6.1.9.jar!/:6.1.9]
	at org.springframework.beans.factory.support.AbstractBeanFactory.doGetBean(AbstractBeanFactory.java:335) ~[spring-beans-6.1.9.jar!/:6.1.9]
	at org.springframework.beans.factory.support.AbstractBeanFactory.getBean(AbstractBeanFactory.java:200) ~[spring-beans-6.1.9.jar!/:6.1.9]
	at org.springframework.beans.factory.config.DependencyDescriptor.resolveCandidate(DependencyDescriptor.java:254) ~[spring-beans-6.1.9.jar!/:6.1.9]
	at org.springframework.beans.factory.support.DefaultListableBeanFactory.doResolveDependency(DefaultListableBeanFactory.java:1443) ~[spring-beans-6.1.9.jar!/:6.1.9]
	at org.springframework.beans.factory.support.DefaultListableBeanFactory.resolveDependency(DefaultListableBeanFactory.java:1353) ~[spring-beans-6.1.9.jar!/:6.1.9]
	at org.springframework.beans.factory.support.ConstructorResolver.resolveAutowiredArgument(ConstructorResolver.java:904) ~[spring-beans-6.1.9.jar!/:6.1.9]
	at org.springframework.beans.factory.support.ConstructorResolver.createArgumentArray(ConstructorResolver.java:782) ~[spring-beans-6.1.9.jar!/:6.1.9]
	at org.springframework.beans.factory.support.ConstructorResolver.autowireConstructor(ConstructorResolver.java:237) ~[spring-beans-6.1.9.jar!/:6.1.9]
	at org.springframework.beans.factory.support.AbstractAutowireCapableBeanFactory.autowireConstructor(AbstractAutowireCapableBeanFactory.java:1357) ~[spring-beans-6.1.9.jar!/:6.1.9]
	at org.springframework.beans.factory.support.AbstractAutowireCapableBeanFactory.createBeanInstance(AbstractAutowireCapableBeanFactory.java:1194) ~[spring-beans-6.1.9.jar!/:6.1.9]
	at org.springframework.beans.factory.support.AbstractAutowireCapableBeanFactory.doCreateBean(AbstractAutowireCapableBeanFactory.java:562) ~[spring-beans-6.1.9.jar!/:6.1.9]
	at org.springframework.beans.factory.support.AbstractAutowireCapableBeanFactory.createBean(AbstractAutowireCapableBeanFactory.java:522) ~[spring-beans-6.1.9.jar!/:6.1.9]
	at org.springframework.beans.factory.support.AbstractBeanFactory.lambda$doGetBean$0(AbstractBeanFactory.java:337) ~[spring-beans-6.1.9.jar!/:6.1.9]
	at org.springframework.beans.factory.support.DefaultSingletonBeanRegistry.getSingleton(DefaultSingletonBeanRegistry.java:234) ~[spring-beans-6.1.9.jar!/:6.1.9]
	at org.springframework.beans.factory.support.AbstractBeanFactory.doGetBean(AbstractBeanFactory.java:335) ~[spring-beans-6.1.9.jar!/:6.1.9]
	at org.springframework.beans.factory.support.AbstractBeanFactory.getBean(AbstractBeanFactory.java:200) ~[spring-beans-6.1.9.jar!/:6.1.9]
	at org.springframework.beans.factory.support.DefaultListableBeanFactory.preInstantiateSingletons(DefaultListableBeanFactory.java:975) ~[spring-beans-6.1.9.jar!/:6.1.9]
	at org.springframework.context.support.AbstractApplicationContext.finishBeanFactoryInitialization(AbstractApplicationContext.java:962) ~[spring-context-6.1.9.jar!/:6.1.9]
	at org.springframework.context.support.AbstractApplicationContext.refresh(AbstractApplicationContext.java:624) ~[spring-context-6.1.9.jar!/:6.1.9]
	at org.springframework.boot.web.servlet.context.ServletWebServerApplicationContext.refresh(ServletWebServerApplicationContext.java:146) ~[spring-boot-3.3.0.jar!/:3.3.0]
	at org.springframework.boot.SpringApplication.refresh(SpringApplication.java:754) ~[spring-boot-3.3.0.jar!/:3.3.0]
	at org.springframework.boot.SpringApplication.refreshContext(SpringApplication.java:456) ~[spring-boot-3.3.0.jar!/:3.3.0]
	at org.springframework.boot.SpringApplication.run(SpringApplication.java:335) ~[spring-boot-3.3.0.jar!/:3.3.0]
	at org.springframework.boot.builder.SpringApplicationBuilder.run(SpringApplicationBuilder.java:149) ~[spring-boot-3.3.0.jar!/:3.3.0]
	at lavalink.server.Launcher.launchMain(Launcher.kt:164) ~[classes!/:4.0.7]
	at lavalink.server.Launcher.main(Launcher.kt:126) ~[classes!/:4.0.7]
	at java.base/jdk.internal.reflect.DirectMethodHandleAccessor.invoke(DirectMethodHandleAccessor.java:103) ~[na:na]
	at java.base/java.lang.reflect.Method.invoke(Method.java:580) ~[na:na]
	at org.springframework.boot.loader.MainMethodRunner.run(MainMethodRunner.java:49) ~[Lavalink.jar:4.0.7]
	at org.springframework.boot.loader.Launcher.launch(Launcher.java:95) ~[Lavalink.jar:4.0.7]
	at org.springframework.boot.loader.Launcher.launch(Launcher.java:58) ~[Lavalink.jar:4.0.7]
	at org.springframework.boot.loader.JarLauncher.main(JarLauncher.java:65) ~[Lavalink.jar:4.0.7]
Caused by: org.apache.http.conn.ConnectTimeoutException: Connect to www.twitch.tv:443 [www.twitch.tv/146.75.94.167] failed: Connect timed out
	at com.sedmelluq.discord.lavaplayer.tools.http.ExtendedConnectionOperator.connectWithDestination(ExtendedConnectionOperator.java:150) ~[lavaplayer-2.2.1.jar!/:na]
	at com.sedmelluq.discord.lavaplayer.tools.http.ExtendedConnectionOperator.connect(ExtendedConnectionOperator.java:69) ~[lavaplayer-2.2.1.jar!/:na]
	at org.apache.http.impl.conn.PoolingHttpClientConnectionManager.connect(PoolingHttpClientConnectionManager.java:376) ~[httpclient-4.5.14.jar!/:4.5.14]
	at org.apache.http.impl.execchain.MainClientExec.establishRoute(MainClientExec.java:393) ~[httpclient-4.5.14.jar!/:4.5.14]
	at org.apache.http.impl.execchain.MainClientExec.execute(MainClientExec.java:236) ~[httpclient-4.5.14.jar!/:4.5.14]
	at org.apache.http.impl.execchain.ProtocolExec.execute(ProtocolExec.java:186) ~[httpclient-4.5.14.jar!/:4.5.14]
	at org.apache.http.impl.execchain.RetryExec.execute(RetryExec.java:89) ~[httpclient-4.5.14.jar!/:4.5.14]
	at org.apache.http.impl.execchain.RedirectExec.execute(RedirectExec.java:110) ~[httpclient-4.5.14.jar!/:4.5.14]
	at org.apache.http.impl.client.InternalHttpClient.doExecute(InternalHttpClient.java:185) ~[httpclient-4.5.14.jar!/:4.5.14]
	at org.apache.http.impl.client.CloseableHttpClient.execute(CloseableHttpClient.java:83) ~[httpclient-4.5.14.jar!/:4.5.14]
	at com.sedmelluq.discord.lavaplayer.tools.io.HttpInterface.execute(HttpInterface.java:73) ~[lavaplayer-2.2.1.jar!/:na]
	at com.sedmelluq.discord.lavaplayer.source.twitch.TwitchStreamAudioSourceManager.initRequestHeaders(TwitchStreamAudioSourceManager.java:220) ~[lavaplayer-2.2.1.jar!/:na]
	... 64 common frames omitted
	Suppressed: com.sedmelluq.discord.lavaplayer.tools.http.ExtendedConnectionOperator$AdditionalDetails: Encountered when opening a connection with the following details:
  host: https://www.twitch.tv:443
  localAddress: <unspecified>
  remoteAddress: www.twitch.tv/146.75.94.167:443
  connectTimeout: 3000
  triedAddresses: www.twitch.tv/146.75.94.167
Caused by: java.net.SocketTimeoutException: Connect timed out
	at java.base/sun.nio.ch.NioSocketImpl.timedFinishConnect(NioSocketImpl.java:546) ~[na:na]
	at java.base/sun.nio.ch.NioSocketImpl.connect(NioSocketImpl.java:592) ~[na:na]
	at java.base/java.net.SocksSocketImpl.connect(SocksSocketImpl.java:327) ~[na:na]
	at java.base/java.net.Socket.connect(Socket.java:752) ~[na:na]
	at org.apache.http.conn.ssl.SSLConnectionSocketFactory.connectSocket(SSLConnectionSocketFactory.java:368) ~[httpclient-4.5.14.jar!/:4.5.14]
	at com.sedmelluq.discord.lavaplayer.tools.http.ExtendedConnectionOperator.connectWithDestination(ExtendedConnectionOperator.java:145) ~[lavaplayer-2.2.1.jar!/:na]
	... 75 common frames omitted

2024-09-06T22:53:08.916-07:00  INFO 15144 --- [Lavalink] [main] l.server.config.KoeConfiguration         : OS: WINDOWS, Arch: X86_64
2024-09-06T22:53:08.916-07:00  INFO 15144 --- [Lavalink] [main] l.server.config.KoeConfiguration         : Enabling JDA-NAS
2024-09-06T22:53:08.918-07:00  INFO 15144 --- [Lavalink] [main] c.s.l.c.natives.NativeLibraryLoader      : Native library udpqueue: loading with filter null
2024-09-06T22:53:08.924-07:00  INFO 15144 --- [Lavalink] [main] c.s.l.c.natives.NativeLibraryLoader      : Native library udpqueue: successfully loaded.
2024-09-06T22:53:08.959-07:00  WARN 15144 --- [Lavalink] [main] l.server.config.SentryConfiguration      : Turning off sentry
2024-09-06T22:53:09.165-07:00  INFO 15144 --- [Lavalink] [main] io.undertow                              : starting server: Undertow - 2.3.13.Final
2024-09-06T22:53:09.171-07:00  INFO 15144 --- [Lavalink] [main] org.xnio                                 : XNIO version 3.8.8.Final
2024-09-06T22:53:09.176-07:00  INFO 15144 --- [Lavalink] [main] org.xnio.nio                             : XNIO NIO Implementation Version 3.8.8.Final
2024-09-06T22:53:09.245-07:00  INFO 15144 --- [Lavalink] [main] org.jboss.threads                        : JBoss Threads version 3.5.0.Final
2024-09-06T22:53:09.304-07:00  INFO 15144 --- [Lavalink] [main] o.s.b.w.e.undertow.UndertowWebServer     : Undertow started on port 2333 (http) with context path '/'
2024-09-06T22:53:09.308-07:00  INFO 15144 --- [Lavalink] [main] lavalink.server.Launcher                 : Started Launcher in 4.476 seconds (process running for 6.236)
2024-09-06T22:53:09.308-07:00  INFO 15144 --- [Lavalink] [main] lavalink.server.Launcher                 : Lavalink is ready to accept connections.
2024-09-06T22:53:44.652-07:00  INFO 15144 --- [Lavalink] [XNIO-1 task-2] io.undertow.servlet                      : Initializing Spring DispatcherServlet 'dispatcherServlet'
2024-09-06T22:53:44.654-07:00  INFO 15144 --- [Lavalink] [XNIO-1 task-2] o.s.web.servlet.DispatcherServlet        : Initializing Servlet 'dispatcherServlet'
2024-09-06T22:53:44.655-07:00  INFO 15144 --- [Lavalink] [XNIO-1 task-2] o.s.web.servlet.DispatcherServlet        : Completed initialization in 1 ms
2024-09-06T22:53:44.731-07:00  INFO 15144 --- [Lavalink] [XNIO-1 task-2] l.server.io.RequestLoggingFilter         : GET /v4/info, client=0:0:0:0:0:0:0:1
2024-09-06T23:15:12.686-07:00  INFO 15144 --- [Lavalink] [XNIO-1 task-2] l.server.io.HandshakeInterceptorImpl     : Incoming connection from /[0:0:0:0:0:0:0:1]:61032
2024-09-06T23:15:12.700-07:00  INFO 15144 --- [Lavalink] [XNIO-1 task-2] l.server.io.RequestLoggingFilter         : GET /v4/websocket, client=0:0:0:0:0:0:0:1
2024-09-06T23:15:12.710-07:00  INFO 15144 --- [Lavalink] [XNIO-1 task-3] l.server.io.RequestLoggingFilter         : GET /v4/info?trace=true, client=0:0:0:0:0:0:0:1
2024-09-06T23:15:12.732-07:00  INFO 15144 --- [Lavalink] [XNIO-1 task-2] lavalink.server.io.SocketServer          : Connection successfully established from GahingiMP3
2024-09-06T23:15:13.030-07:00  WARN 15144 --- [Lavalink] [pool-2-thread-1] o.d.windows.perfmon.PerfmonDisabled      : Invalid registry value type detected for PerfOS counters. Should be REG_DWORD. Ignoring: HKEY_LOCAL_MACHINE\SYSTEM\CurrentControlSet\Services\PerfOS\Performance\Disable Performance Counters.
2024-09-06T23:15:44.621-07:00  INFO 15144 --- [Lavalink] [XNIO-1 I/O-11] lavalink.server.io.SocketServer          : Connection closed from /[0:0:0:0:0:0:0:1]:61032 with id jsmmclg5avog8ww0 -- CloseStatus[code=1006, reason=]
2024-09-06T23:15:44.622-07:00  INFO 15144 --- [Lavalink] [XNIO-1 I/O-11] lavalink.server.io.SocketContext         : Shutting down 0 playing players.
2024-09-06T23:30:49.517-07:00  INFO 15144 --- [Lavalink] [XNIO-1 task-2] l.server.io.HandshakeInterceptorImpl     : Incoming connection from /[0:0:0:0:0:0:0:1]:62727
2024-09-06T23:30:49.519-07:00  INFO 15144 --- [Lavalink] [XNIO-1 task-2] l.server.io.RequestLoggingFilter         : GET /v4/websocket, client=0:0:0:0:0:0:0:1
2024-09-06T23:30:49.519-07:00  INFO 15144 --- [Lavalink] [XNIO-1 task-2] lavalink.server.io.SocketServer          : Connection successfully established from GahingiMP3
2024-09-06T23:30:49.525-07:00  INFO 15144 --- [Lavalink] [XNIO-1 task-2] l.server.io.RequestLoggingFilter         : GET /v4/info?trace=true, client=0:0:0:0:0:0:0:1
2024-09-06T23:31:00.155-07:00  INFO 15144 --- [Lavalink] [XNIO-1 I/O-3] lavalink.server.io.SocketServer          : Connection closed from /[0:0:0:0:0:0:0:1]:62727 with id ykj460hxkdyne7ns -- CloseStatus[code=1006, reason=]
2024-09-06T23:31:00.155-07:00  INFO 15144 --- [Lavalink] [XNIO-1 I/O-3] lavalink.server.io.SocketContext         : Shutting down 0 playing players.
2024-09-06T23:31:11.277-07:00  INFO 15144 --- [Lavalink] [XNIO-1 task-2] l.server.io.HandshakeInterceptorImpl     : Incoming connection from /[0:0:0:0:0:0:0:1]:62800
2024-09-06T23:31:11.278-07:00  INFO 15144 --- [Lavalink] [XNIO-1 task-2] l.server.io.RequestLoggingFilter         : GET /v4/websocket, client=0:0:0:0:0:0:0:1
2024-09-06T23:31:11.279-07:00  INFO 15144 --- [Lavalink] [XNIO-1 task-2] lavalink.server.io.SocketServer          : Connection successfully established from GahingiMP3
2024-09-06T23:31:11.286-07:00  INFO 15144 --- [Lavalink] [XNIO-1 task-2] l.server.io.RequestLoggingFilter         : GET /v4/info?trace=true, client=0:0:0:0:0:0:0:1
2024-09-06T23:31:30.130-07:00  INFO 15144 --- [Lavalink] [XNIO-1 I/O-14] lavalink.server.io.SocketServer          : Connection closed from /[0:0:0:0:0:0:0:1]:62800 with id xpy1m22j17oi95l2 -- CloseStatus[code=1006, reason=]
2024-09-06T23:31:30.131-07:00  INFO 15144 --- [Lavalink] [XNIO-1 I/O-14] lavalink.server.io.SocketContext         : Shutting down 0 playing players.
2024-09-06T23:32:01.505-07:00  INFO 15144 --- [Lavalink] [XNIO-1 task-2] l.server.io.HandshakeInterceptorImpl     : Incoming connection from /[0:0:0:0:0:0:0:1]:62847
2024-09-06T23:32:01.506-07:00  INFO 15144 --- [Lavalink] [XNIO-1 task-2] l.server.io.RequestLoggingFilter         : GET /v4/websocket, client=0:0:0:0:0:0:0:1
2024-09-06T23:32:01.507-07:00  INFO 15144 --- [Lavalink] [XNIO-1 task-2] lavalink.server.io.SocketServer          : Connection successfully established from GahingiMP3
2024-09-06T23:32:01.512-07:00  INFO 15144 --- [Lavalink] [XNIO-1 task-2] l.server.io.RequestLoggingFilter         : GET /v4/info?trace=true, client=0:0:0:0:0:0:0:1
2024-09-06T23:32:11.811-07:00  INFO 15144 --- [Lavalink] [XNIO-1 I/O-4] lavalink.server.io.SocketServer          : Connection closed from /[0:0:0:0:0:0:0:1]:62847 with id 797k0df3en280h7p -- CloseStatus[code=1006, reason=]
2024-09-06T23:32:11.812-07:00  INFO 15144 --- [Lavalink] [XNIO-1 I/O-4] lavalink.server.io.SocketContext         : Shutting down 0 playing players.
2024-09-06T23:48:14.019-07:00  INFO 15144 --- [Lavalink] [XNIO-1 task-2] l.server.io.HandshakeInterceptorImpl     : Incoming connection from /[0:0:0:0:0:0:0:1]:63898
2024-09-06T23:48:14.020-07:00  INFO 15144 --- [Lavalink] [XNIO-1 task-2] l.server.io.RequestLoggingFilter         : GET /v4/websocket, client=0:0:0:0:0:0:0:1
2024-09-06T23:48:14.021-07:00  INFO 15144 --- [Lavalink] [XNIO-1 task-2] lavalink.server.io.SocketServer          : Connection successfully established from GahingiMP3
2024-09-06T23:48:14.027-07:00  INFO 15144 --- [Lavalink] [XNIO-1 task-2] l.server.io.RequestLoggingFilter         : GET /v4/info?trace=true, client=0:0:0:0:0:0:0:1
2024-09-06T23:48:36.966-07:00  INFO 15144 --- [Lavalink] [XNIO-1 I/O-2] lavalink.server.io.SocketServer          : Connection closed from /[0:0:0:0:0:0:0:1]:63898 with id mq6m3ynh7v8oyod5 -- CloseStatus[code=1006, reason=]
2024-09-06T23:48:36.966-07:00  INFO 15144 --- [Lavalink] [XNIO-1 I/O-2] lavalink.server.io.SocketContext         : Shutting down 0 playing players.
